<?xml version="1.0" encoding="UTF-8"?>
<testng-results ignored="0" total="3" passed="3" failed="0" skipped="0">
  <reporter-output>
  </reporter-output>
  <suite started-at="2024-07-18T12:55:28 IST" name="Suite" finished-at="2024-07-18T12:56:08 IST" duration-ms="39172">
    <groups>
      <group name="regressionTest">
        <method signature="CreateContactTest.createContactWithOrg()[pri:0, instance:contactTestPractice.CreateContactTest@24569dba]" name="createContactWithOrg" class="contactTestPractice.CreateContactTest"/>
        <method signature="CreateContactTest.createContactWithSupportDate()[pri:0, instance:contactTestPractice.CreateContactTest@24569dba]" name="createContactWithSupportDate" class="contactTestPractice.CreateContactTest"/>
      </group> <!-- regressionTest -->
      <group name="smokeTest">
        <method signature="CreateContactTest.createContactTest()[pri:0, instance:contactTestPractice.CreateContactTest@24569dba]" name="createContactTest" class="contactTestPractice.CreateContactTest"/>
      </group> <!-- smokeTest -->
    </groups>
    <test started-at="2024-07-18T12:55:28 IST" name="Test" finished-at="2024-07-18T12:56:08 IST" duration-ms="39172">
      <class name="contactTestPractice.CreateContactTest">
        <test-method is-config="true" signature="beforeSuite()[pri:0, instance:contactTestPractice.CreateContactTest@24569dba]" started-at="2024-07-18T12:55:28 IST" name="beforeSuite" finished-at="2024-07-18T12:55:28 IST" duration-ms="12" status="PASS">
          <reporter-output>
          </reporter-output>
        </test-method> <!-- beforeSuite -->
        <test-method is-config="true" signature="launchBrowser()[pri:0, instance:contactTestPractice.CreateContactTest@24569dba]" started-at="2024-07-18T12:55:28 IST" name="launchBrowser" finished-at="2024-07-18T12:55:31 IST" duration-ms="2224" status="PASS">
          <reporter-output>
          </reporter-output>
        </test-method> <!-- launchBrowser -->
        <test-method is-config="true" signature="login()[pri:0, instance:contactTestPractice.CreateContactTest@24569dba]" started-at="2024-07-18T12:55:31 IST" name="login" finished-at="2024-07-18T12:55:33 IST" duration-ms="2824" status="PASS">
          <reporter-output>
          </reporter-output>
        </test-method> <!-- login -->
        <test-method signature="createContactTest()[pri:0, instance:contactTestPractice.CreateContactTest@24569dba]" started-at="2024-07-18T12:55:34 IST" name="createContactTest" finished-at="2024-07-18T12:55:40 IST" duration-ms="6298" status="PASS">
          <reporter-output>
          </reporter-output>
        </test-method> <!-- createContactTest -->
        <test-method is-config="true" signature="logout()[pri:0, instance:contactTestPractice.CreateContactTest@24569dba]" started-at="2024-07-18T12:55:40 IST" name="logout" finished-at="2024-07-18T12:55:42 IST" duration-ms="1844" status="PASS">
          <reporter-output>
          </reporter-output>
        </test-method> <!-- logout -->
        <test-method is-config="true" signature="login()[pri:0, instance:contactTestPractice.CreateContactTest@24569dba]" started-at="2024-07-18T12:55:42 IST" name="login" finished-at="2024-07-18T12:55:43 IST" duration-ms="1747" status="PASS">
          <reporter-output>
          </reporter-output>
        </test-method> <!-- login -->
        <test-method signature="createContactWithOrg()[pri:0, instance:contactTestPractice.CreateContactTest@24569dba]" started-at="2024-07-18T12:55:43 IST" name="createContactWithOrg" finished-at="2024-07-18T12:55:56 IST" duration-ms="12426" status="PASS">
          <reporter-output>
          </reporter-output>
        </test-method> <!-- createContactWithOrg -->
        <test-method is-config="true" signature="logout()[pri:0, instance:contactTestPractice.CreateContactTest@24569dba]" started-at="2024-07-18T12:55:56 IST" name="logout" finished-at="2024-07-18T12:55:57 IST" duration-ms="1470" status="PASS">
          <reporter-output>
          </reporter-output>
        </test-method> <!-- logout -->
        <test-method is-config="true" signature="login()[pri:0, instance:contactTestPractice.CreateContactTest@24569dba]" started-at="2024-07-18T12:55:57 IST" name="login" finished-at="2024-07-18T12:55:59 IST" duration-ms="1788" status="PASS">
          <reporter-output>
          </reporter-output>
        </test-method> <!-- login -->
        <test-method signature="createContactWithSupportDate()[pri:0, instance:contactTestPractice.CreateContactTest@24569dba]" started-at="2024-07-18T12:55:59 IST" name="createContactWithSupportDate" finished-at="2024-07-18T12:56:06 IST" duration-ms="6796" status="PASS">
          <reporter-output>
          </reporter-output>
        </test-method> <!-- createContactWithSupportDate -->
        <test-method is-config="true" signature="logout()[pri:0, instance:contactTestPractice.CreateContactTest@24569dba]" started-at="2024-07-18T12:56:06 IST" name="logout" finished-at="2024-07-18T12:56:07 IST" duration-ms="1426" status="PASS">
          <reporter-output>
          </reporter-output>
        </test-method> <!-- logout -->
        <test-method is-config="true" signature="closeBrowser()[pri:0, instance:contactTestPractice.CreateContactTest@24569dba]" started-at="2024-07-18T12:56:07 IST" name="closeBrowser" finished-at="2024-07-18T12:56:08 IST" duration-ms="265" status="PASS">
          <reporter-output>
          </reporter-output>
        </test-method> <!-- closeBrowser -->
        <test-method is-config="true" signature="afterSuite()[pri:0, instance:contactTestPractice.CreateContactTest@24569dba]" started-at="2024-07-18T12:56:08 IST" name="afterSuite" finished-at="2024-07-18T12:56:08 IST" duration-ms="0" status="PASS">
          <reporter-output>
          </reporter-output>
        </test-method> <!-- afterSuite -->
      </class> <!-- contactTestPractice.CreateContactTest -->
    </test> <!-- Test -->
  </suite> <!-- Suite -->
</testng-results>
