<?xml version="1.0" encoding="UTF-8"?>
<testng-results ignored="0" total="2" passed="2" failed="0" skipped="0">
  <reporter-output>
  </reporter-output>
  <suite started-at="2024-07-18T12:20:04 IST" name="Suite" finished-at="2024-07-18T12:20:40 IST" duration-ms="36430">
    <groups>
      <group name="regressionTest">
        <method signature="CreateOrgTest.createOrgTest()[pri:0, instance:com.vTiger.crm.orgTest.CreateOrgTest@514646ef]" name="createOrgTest" class="com.vTiger.crm.orgTest.CreateOrgTest"/>
      </group> <!-- regressionTest -->
      <group name="smokeTest">
        <method signature="CreateContactTest.createContactTest()[pri:0, instance:com.vTiger.crm.contactTest.CreateContactTest@43df23d3]" name="createContactTest" class="com.vTiger.crm.contactTest.CreateContactTest"/>
        <method signature="CreateOrgTest.createOrgTest()[pri:0, instance:com.vTiger.crm.orgTest.CreateOrgTest@514646ef]" name="createOrgTest" class="com.vTiger.crm.orgTest.CreateOrgTest"/>
      </group> <!-- smokeTest -->
    </groups>
    <test started-at="2024-07-18T12:20:04 IST" name="Test" finished-at="2024-07-18T12:20:40 IST" duration-ms="36430">
      <class name="com.vTiger.crm.orgTest.CreateOrgTest">
        <test-method is-config="true" signature="launchBrowser()[pri:0, instance:com.vTiger.crm.orgTest.CreateOrgTest@514646ef]" started-at="2024-07-18T12:20:28 IST" name="launchBrowser" finished-at="2024-07-18T12:20:29 IST" duration-ms="982" status="PASS">
          <reporter-output>
          </reporter-output>
        </test-method> <!-- launchBrowser -->
        <test-method is-config="true" signature="login()[pri:0, instance:com.vTiger.crm.orgTest.CreateOrgTest@514646ef]" started-at="2024-07-18T12:20:29 IST" name="login" finished-at="2024-07-18T12:20:32 IST" duration-ms="2716" status="PASS">
          <reporter-output>
          </reporter-output>
        </test-method> <!-- login -->
        <test-method signature="createOrgTest()[pri:0, instance:com.vTiger.crm.orgTest.CreateOrgTest@514646ef]" started-at="2024-07-18T12:20:32 IST" name="createOrgTest" finished-at="2024-07-18T12:20:38 IST" duration-ms="6328" status="PASS">
          <reporter-output>
          </reporter-output>
        </test-method> <!-- createOrgTest -->
        <test-method is-config="true" signature="logout()[pri:0, instance:com.vTiger.crm.orgTest.CreateOrgTest@514646ef]" started-at="2024-07-18T12:20:38 IST" name="logout" finished-at="2024-07-18T12:20:40 IST" duration-ms="1513" status="PASS">
          <reporter-output>
          </reporter-output>
        </test-method> <!-- logout -->
        <test-method is-config="true" signature="closeBrowser()[pri:0, instance:com.vTiger.crm.orgTest.CreateOrgTest@514646ef]" started-at="2024-07-18T12:20:40 IST" name="closeBrowser" finished-at="2024-07-18T12:20:40 IST" duration-ms="221" status="PASS">
          <reporter-output>
          </reporter-output>
        </test-method> <!-- closeBrowser -->
      </class> <!-- com.vTiger.crm.orgTest.CreateOrgTest -->
      <class name="com.vTiger.crm.contactTest.CreateContactTest">
        <test-method is-config="true" signature="beforeSuite()[pri:0, instance:com.vTiger.crm.contactTest.CreateContactTest@43df23d3]" started-at="2024-07-18T12:20:04 IST" name="beforeSuite" finished-at="2024-07-18T12:20:04 IST" duration-ms="14" status="PASS">
          <reporter-output>
          </reporter-output>
        </test-method> <!-- beforeSuite -->
        <test-method is-config="true" signature="launchBrowser()[pri:0, instance:com.vTiger.crm.contactTest.CreateContactTest@43df23d3]" started-at="2024-07-18T12:20:04 IST" name="launchBrowser" finished-at="2024-07-18T12:20:06 IST" duration-ms="1993" status="PASS">
          <reporter-output>
          </reporter-output>
        </test-method> <!-- launchBrowser -->
        <test-method is-config="true" signature="login()[pri:0, instance:com.vTiger.crm.contactTest.CreateContactTest@43df23d3]" started-at="2024-07-18T12:20:06 IST" name="login" finished-at="2024-07-18T12:20:08 IST" duration-ms="2455" status="PASS">
          <reporter-output>
          </reporter-output>
        </test-method> <!-- login -->
        <test-method signature="createContactTest()[pri:0, instance:com.vTiger.crm.contactTest.CreateContactTest@43df23d3]" started-at="2024-07-18T12:20:08 IST" name="createContactTest" finished-at="2024-07-18T12:20:27 IST" duration-ms="18440" status="PASS">
          <reporter-output>
          </reporter-output>
        </test-method> <!-- createContactTest -->
        <test-method is-config="true" signature="logout()[pri:0, instance:com.vTiger.crm.contactTest.CreateContactTest@43df23d3]" started-at="2024-07-18T12:20:27 IST" name="logout" finished-at="2024-07-18T12:20:28 IST" duration-ms="1472" status="PASS">
          <reporter-output>
          </reporter-output>
        </test-method> <!-- logout -->
        <test-method is-config="true" signature="closeBrowser()[pri:0, instance:com.vTiger.crm.contactTest.CreateContactTest@43df23d3]" started-at="2024-07-18T12:20:28 IST" name="closeBrowser" finished-at="2024-07-18T12:20:28 IST" duration-ms="257" status="PASS">
          <reporter-output>
          </reporter-output>
        </test-method> <!-- closeBrowser -->
        <test-method is-config="true" signature="afterSuite()[pri:0, instance:com.vTiger.crm.contactTest.CreateContactTest@43df23d3]" started-at="2024-07-18T12:20:40 IST" name="afterSuite" finished-at="2024-07-18T12:20:40 IST" duration-ms="0" status="PASS">
          <reporter-output>
          </reporter-output>
        </test-method> <!-- afterSuite -->
      </class> <!-- com.vTiger.crm.contactTest.CreateContactTest -->
    </test> <!-- Test -->
  </suite> <!-- Suite -->
</testng-results>
