<?xml version="1.0" encoding="UTF-8"?>
<!-- Generated by org.testng.reporters.JUnitXMLReporter -->
<testsuite ignored="0" hostname="PavanKalyan" failures="1" tests="2" name="Test" time="10.769" errors="0" timestamp="2024-05-28T17:49:05 IST">
  <testcase classname="com.vTiger.crm.InvoiceTest.InvoiceTest" name="createInvoiceTest" time="0.043">
    <failure type="java.lang.AssertionError" message="expected [Login] but found [Administrator - Home - vtiger CRM 5 - Commercial Open Source CRM]">
      <![CDATA[java.lang.AssertionError: expected [Login] but found [Administrator - Home - vtiger CRM 5 - Commercial Open Source CRM]
at com.vTiger.crm.InvoiceTest.InvoiceTest.createInvoiceTest(InvoiceTest.java:16)
at java.base/java.util.ArrayList.forEach(ArrayList.java:1511)
... Removed 33 stack frames]]>
    </failure>
  </testcase> <!-- createInvoiceTest -->
  <testcase classname="com.vTiger.crm.InvoiceTest.InvoiceTest" name="createInvoiceWithOrgTest" time="0.002"/>
</testsuite> <!-- Test -->
