<?xml version="1.0" encoding="UTF-8"?>
<!-- Generated by org.testng.reporters.JUnitXMLReporter -->
<testsuite ignored="6" hostname="PavanKalyan" failures="0" tests="2" name="Test" time="36.43" errors="0" timestamp="2024-07-18T12:20:40 IST">
  <testcase classname="com.vTiger.crm.contactTest.CreateContactTest" name="createContactTest" time="18.44"/>
  <testcase classname="com.vTiger.crm.orgTest.CreateOrgTest" name="createOrgTest" time="6.328"/>
  <testcase classname="com.vTiger.crm.contactTest.CreateContactTest" name="createContactWithSupportDate" time="0.0">
    <ignored/>
  </testcase> <!-- createContactWithSupportDate -->
  <testcase classname="com.vTiger.crm.baseTest.BaseClassTest" name="@AfterSuite afterSuite" time="0.0">
    <ignored/>
  </testcase> <!-- @AfterSuite afterSuite -->
  <testcase classname="com.vTiger.crm.orgTest.CreateOrgTest" name="createOrgWithIndustries" time="0.0">
    <ignored/>
  </testcase> <!-- createOrgWithIndustries -->
  <testcase classname="com.vTiger.crm.orgTest.CreateOrgTest" name="createOrgwithPhoneNumber" time="0.0">
    <ignored/>
  </testcase> <!-- createOrgwithPhoneNumber -->
  <testcase classname="com.vTiger.crm.baseTest.BaseClassTest" name="@BeforeSuite beforeSuite" time="0.0">
    <ignored/>
  </testcase> <!-- @BeforeSuite beforeSuite -->
  <testcase classname="com.vTiger.crm.contactTest.CreateContactTest" name="createContactWithOrg" time="0.0">
    <ignored/>
  </testcase> <!-- createContactWithOrg -->
</testsuite> <!-- Test -->
