<?xml version="1.0" encoding="UTF-8"?>
<!-- Generated by org.testng.reporters.JUnitXMLReporter -->
<testsuite ignored="2" hostname="PavanKalyan" failures="0" tests="6" name="Test" time="77.505" errors="0" timestamp="2024-06-06T17:27:15 IST">
  <testcase classname="com.vTiger.crm.orgTest.CreateOrgTest" name="createOrgTest" time="17.856"/>
  <testcase classname="com.vTiger.crm.contactTest.CreateContactTest" name="createContactTest" time="18.057"/>
  <testcase classname="com.vTiger.crm.orgTest.CreateOrgTest" name="createOrgWithIndustries" time="13.258"/>
  <testcase classname="com.vTiger.crm.contactTest.CreateContactTest" name="createContactWithOrg" time="25.723"/>
  <testcase classname="com.vTiger.crm.orgTest.CreateOrgTest" name="createOrgwithPhoneNumber" time="12.063"/>
  <testcase classname="com.vTiger.crm.contactTest.CreateContactTest" name="createContactWithSupportDate" time="9.905"/>
  <testcase classname="com.vTiger.crm.baseTest.BaseClassTest" name="@BeforeSuite beforeSuite" time="0.0">
    <ignored/>
  </testcase> <!-- @BeforeSuite beforeSuite -->
  <testcase classname="com.vTiger.crm.baseTest.BaseClassTest" name="@AfterSuite afterSuite" time="0.0">
    <ignored/>
  </testcase> <!-- @AfterSuite afterSuite -->
</testsuite> <!-- Test -->
