<?xml version="1.0" encoding="UTF-8"?>
<!-- Generated by org.testng.reporters.JUnitXMLReporter -->
<testsuite ignored="0" hostname="PavanKalyan" failures="0" tests="3" name="Default test" time="11.064" errors="0" timestamp="2024-06-05T11:18:00 IST">
  <testcase classname="contactTestPractice.ThreadPoolCount" name="m1" time="6.476"/>
  <testcase classname="contactTestPractice.ThreadPoolCount" name="m1" time="6.555"/>
  <testcase classname="contactTestPractice.ThreadPoolCount" name="m1" time="4.519"/>
</testsuite> <!-- Default test -->
